CY103878_A/little yellow-shouldered bat/Guatemala/153/2009_H17N10
CY103886_A/little yellow-shouldered bat/Guatemala/164/2009_H17N10
CY103894_A/little yellow-shouldered bat/Guatemala/060/2010_H17N10
U53166_A/Wisconsin/4754/1994_H1N1
AF036357_A/Hong Kong/156/97_H5N1
AF216714_A/environment/Hong Kong/437-4/99 _H5N1
AJ412689_A/swine/Finistere/3616/1984_H1N1
AJ518093_A/Bratislava/47/2000_H1N1
AY207539_A/ruddy turnstone/Delaware/2589/1987_H11N1
AJ416627_A/chicken/Italy/1067/1999_H7N1
AY518363_A/duck/China/E319-2/03_H5N1
AY585408_A/duck/Guangxi/07/1999_H5N1
AY633214_A/mallard/Alberta/211/1998_H1N1
AY651483_A/Dk/YN/6255/2003_H5N1
DQ508875_A/Taiwan/01/1986_H1N1
CY011794_A/New York/626/1996_H1N1
CY012802_A/mallard/Ohio/171/1990_H1N1
AB271114_A/duck/Miyagi/66/1977_H1N1
DQ989981_A/open-billed stork/Suphanburi/TSD0912F/2004_H5N1
EU429752_A/duck/Eastern China/243/2003_H3N1
FJ536804_A/swine/Shandong/187/2008_H1N1
FJ998215_A/Canada-ON/RV1527/2009_H1N1
CY045774_A/Melbourne/1/1946_H1N1
GU182208_A/environment/Hunan/5-32/2007_H5N1
HM461828_A/swine/North Carolina/02084/2008_H1N1
JF713846_A/swine/QC/438-B/2009_H1N1
CY094087_A/mallard/California/6404/2008_H6N1
CY138658_A/mallard/New Brunswick/00324/2010_H1N1
KC984902_A/Parana/412/2012_H1N1
K01150_A/Bangkok/1/1979_H3N2
AJ291393_A/chicken/Pakistan/2/99_H9N2
AY254141_A/quail/PA/20304/1998_H7N2
AY497122_A/chicken/Puebla/8623-607/1994_H5N2
AY531006_A/Denmark/59/2003_H3N2
AY531036_A/Moscow/10/1999_H3N2
AY664710_A/pigeon/HongKong/WF53/03_H9N2
CY001199_A/New York/122/2002_H3N2
DQ091199_A/Moscow/343/2003_H3N2
CY005577_A/duck/Hong Kong/342/78_H5N2
CY006205_A/Nanjing/13/1980_H3N2
CY008158_A/Beijing/1/1968_H3N2
CY008606_A/Canterbury/253/2005_H3N2
CY013759_A/New York/798/1993_H3N2
CY015110_A/chicken/Pennsylvania/1370/1983_H5N2
CY016126_A/black duck/Ohio/307/1987_H6N2
AJ574905_A/turkey/England/N28/73_H5N2
CY020823_A/mallard/Maryland/172/2002_H6N2
AJ973086_A/duck/France/05057b/2005_H5N2
EF584365_A/Thessalonika/69/1999_H3N2
EF620902_A/Korea/KBNP-0028/2000_H9N2
EF492293_A/chicken/Israel/1376/2003_H9N2
EU053143_A/swine/Cloppenburg/IDT4777/2005_H1N2
EU081866_A/chicken/Guangxi/4/1999_H9N2
EU399753_A/Ontario/1252/2007_H3N2
EU429745_A/duck/Eastern China/6/2004_H3N2
EU429767_A/duck/Eastern China/852/2003_H3N2
EU429776_A/duck/Eastern China/60/2006_H3N2
EU678376_A/chicken/Iran/L248/2003_H9N2
EU798820_A/swine/Korea/Hongsong2/2004_H1N2
EU743100_A/chicken/Florida/25717/1993_H5N2
CY034062_A/Singapore/1-MA12A/1957_H2N2
CY034824_A/unknown/New York/98616-6/2006_H7N2
FJ231842_A/Sachsen/678/2003_H1N2
FJ231860_A/Niedersachsen/6/2006_H3N2
FJ791298_A/swine/Gent/102/2007_H1N2
CY044790_A/Boston/71/2008_H3N2
GU071972_A/chicken/Iran/RZ42/2008_H9N2
GU052797_A/chicken/Guatemala/45511-5/2000_H5N2
GU053195_A/chicken/Korea/AI-96004/1996_H9N2
GU474584_A/feces/Hunan/2-28/2007_H9N2
AB514932_A/swine/Tochigi/1/2008_H1N2
GU361255_A/aquatic bird/Korea/w211/2007_H5N2
HM144691_A/duck/Fujian/3193/2005_H6N2
HM144675_A/duck/Shantou/14966/2005_H6N2
HM144648_A/mallard/Jiangxi/7376/2003_H6N2
HM144626_A/duck/Shantou/2061/2002_H6N2
HM144610_A/wild duck/Shantou/865/2002_H6N2
HM370117_A/duck/Eastern China/G43/2008_H6N2
HM370124_A/duck/Eastern China/N519/2007_H6N2
CY067712_A/rosy-billed pochard/Argentina/CIP051-925/2008_H6N2
HQ709198_A/swine/Italy/320546/2009_H1N2
CY086000_A/swine/Hong Kong/NS252/2009_H1N2
AB598510_A/swine/Binh Duong/03_06/2010_H3N2
JN222382_A/canine/Guangxi/1/2011_H9N2
CY093433_A/Santo Domingo/WRAIR3516N/2010_H3N2
JN652452_A/swine/Iowa/A01049726/2011_H1N2
JQ220550_A/swine/Hong Kong/2503/2011_H3N2
CY109292_A/duck/Guizhou/1084/2006_H6N2
CY109708_A/duck/Jiangxi/7348/2007_H6N2
CY110084_A/duck/Fujian/8818/2006_H6N2
CY110212_A/duck/Shantou/4138/2006_H6N2
CY110278_A/duck/Shantou/6104/2006_H6N2
JQ906899_A/swine/Indiana/A01076177/2009_H1N2
CY117013_A/guinea fowl/New York/4449-12/1994_H2N2
JX092573_A/swine/Indiana/A01202867/2011_H3N2
CY124198_A/Singapore/GP1297/2011_H3N2
JX656999_A/swine/Iowa/A01300451/2012_H3N2
JX657730_A/swine/Illinois/A01240743/2012_H1N2
JX912996_A/chicken/Egypt/D4692A/2012_H9N2
CY131159_A/swine/Ohio/10SW214/2010_H3N2
KC555078_A/white bellied bustard/United Arab Emirates/D1520/2011_H9N2
CY135166_A/Texas/JMM_60/2012_H3N2
CY141153_A/mallard/Minnesota/182717/1998_mixed,N2
KC866579_A/swine/Ohio/12TOSU50/2012_H3N2
KF234480_A/swine/South Dakota/A01350758/2013_H1N2
CY146670_A/duck/Hunan/S4120/2011_H5N2
KF259541_A/silkie chicken/Hong Kong/YU595W/2011_H9N2
AB849915_A/muscovy duck/Vietnam/QN3/2013_H6N2
AY180838_A/pigeon/Nanchang/9-058/2000_H3N3
AY300946_A/ruddy turnstone/New Jersey/2242/2000_H5N3
AY300947_A/chicken/Texas/167280-4/2002_H5N3
AY300949_A/turkey/Colorado/13356/1991_H7N3
AY300950_A/chicken/New Jersey/15086-3/1994_H7N3
AY303636_A/chicken/Chile/176822/02_H7N3
AY207510_A/duck/Singapore/3/1997_H5N3
AY207511_A/emu/Texas/25414-1/95_H7N3
AY207513_A/turkey/England/1963_H7N3
AY207514_A/turkey/Minnesota/916/1980_H7N3
AY207517_A/mallard/Alberta/226/98_H2N3
AY207518_A/pintail/Primorie/625/76_H2N3
AY207522_A/duck/Germany/1215/1973_H2N3
AY207524_A/tern/South Africa/1961_H5N3
AY207525_A/turkey/CA/6878/1979_H5N3
AJ627490_A/turkey/Italy/214845/2002_H7N3
AY611526_A/chicken/British Columbia/04_H7N3
CY003849_A/mallard/Alberta/77/1977_H2N3
CY003994_A/mallard/Alberta/79/2003_H2N3
CY004204_A/mallard duck/ALB/76/1985_H6N3
CY005591_A/duck/Hong Kong/205/1977_H5N3
CY005275_A/mallard duck/ALB/797/1983_H11N3
DQ525412_A/cinnamon teal/Bolivia/4537/2001_H7N3
DQ870890_A/turkey/Oregon/1971_H7N3
AJ849936_A/teal/France/2546/2001_H1N3
AB294218_A/turkey/Tennessee/1/1979_H7N3
AB296077_A/swan/Shimane/183/1985_H11N3
CY021143_A/mallard/Missouri/MO130/2005_H11N3
AM040151_A/duck/France/05054a/2005_H5N3
CY022687_A/chicken/Queensland/1994_H7N3
EU030986_A/laughing gull/Delaware Bay/42/2006_H7N3
AM933234_A/Perdix perdix/Germany/R44/06_H8N3
CY032658_A/northern shoveler/California/HKWF1005/2007_H10N3
AB378684_A/duck/Hokkaido/167/2007_H5N3
CY036777_A/ruddy turnstone/Delaware Bay/108/2007_H7N3
FJ686812_A/mallard/Maryland/316/2003_H2N3
CY037756_A/chicken/Pakistan/c1998/1998_H7N3
CY039638_A/env/California/7251/2008_H5N3
AB472024_A/duck/Tsukuba/394/2005_H5N3
AB472022_A/mallard/Miyagi/53/1976_H5N3
CY041332_A/mallard/Sweden/45/2005_H2N3
GQ227552_A/duck/Altai/1285/1991_H5N3
GQ227605_A/duck/Primorie/2633/2001_H5N3
GQ907288_A/bar headed goose/Mongolia/143/2005_H12N3
CY047554_A/mallard/Quebec/16334/2005_H5N3
GU361345_A/aquatic bird/Korea/w209/2007_H5N3
HM150742_A/chicken/Mansehra/NARC-74/2004_H7N3
CY076095_A/American coot/California/20181-006/2007_H10N3
CY076882_A/cinnamon teal/California/JN1504/2007_H5N3
CY077451_A/mallard/New Zealand/449-94/2004_H2N3
CY078885_A/mallard/Interior Alaska/6MP0984/2006_H7N3
CY079494_A/mallard/Wisconsin/08OS2844/2008_H2N3
JF758770_A/environment/Maryland/1630/2006_H7N3
CY094463_A/green-winged teal/California/11275/2008_H7N3
CY096996_A/blue-winged teal/Wisconsin/2572/2009_H2N3
CY101269_A/ruddy turnstone/Delaware Bay/144/1999_mixed,N3
CY102334_A/mallard/Alberta/205/1998_H2N3
CY103396_A/blue-winged teal/Alberta/346/2007_H4N3
CY102778_A/mallard/Alberta/254/2003_H3N3
CY116793_A/ruddy turnstone/Delaware Bay/157/1994_H2N3
CY117253_A/mallard/New York/66861/1978_H2N3
CY117261_A/mallard/Alberta/309/1979_H2N3
CY117270_A/mallard/Alberta/838/1979_mixed, N3
CY120511_A/mallard/California/1505/2010_H4N3
CY120519_A/northern shoveler/California/3185/2010_mixed,N3
AB728490_A/duck/Vietnam/OIE-0068/2012_H11N3
CY121985_A/northern shoveler/Georgia/1/2010_H2N3
CY121993_A/mallard/Netherlands/14/2001_H2N3
CY122025_A/mallard/Sweden/99/2002_H2N3
CY122077_A/mallard/Sweden/32/2002_H2N3
CY122149_A/mallard/Sweden/53/2003_H2N3
JX317626_A/chicken/Jalisco/CPA1/2012_H7N3
CY125009_A/duck/Jiangsu/10-d4/2011_H11N3
JX570830_A/northern pintail/SK/4628/2010_H5N3
AB769956_A/duck/Hokkaido/157/2012_H11N3
CY133705_A/American green-winged teal/Mississippi/11OS259/2011_mixed,N3
CY133862_A/American wigeon/Missouri/10MO0530/2010_mixed,N3
CY136842_A/shorebird/Delaware Bay/211/1994_H1N3
KF259614_A/duck/Wenzhou/771/2013_H7N3
AY207528_A/turkey/Ontario/6118/1968_H8N4
AY207529_A/ruddy turnstone/Delaware/67/1998_H12N4
AY207530_A/mink/Sweden/E12665/84_H10N4
AY207531_A/mallard/Alberta/283/1977_H8N4
AY207533_A/gray teal/Australia/2/1979_H4N4
CY004180_A/blue-winged teal/ALB/685/1982_H6N4
CY005359_A/ruddy turnstone/Delaware/94/2000_H12N4
EF061126_A/duck/Yangzhou/02/2005_H8N4
CY022695_A/chicken/New South Wales/2/1997_H7N4
EF655829_A/pintail/Barrow/38/2005_H8N4
EU559265_A/duck/Hubei/137/1985_H10N4
CY034153_A/northern shoveler/California/HKWF1203/2007_H8N4
AB450455_A/duck/Hokkaido/95/1981_H8N4
CY041260_A/common teal/Netherlands/1/2005_H8N4
GQ176126_A/mallard/Gloucestershire/PD374/1985_H10N4
GQ176118_A/fowl/Hampshire/PD378/1985_H10N4
GQ176110_A/whistling swan/Shimane/468/1988_H10N4
HM849002_A/mallard/PT/9408-3/2006_H9N4
CY079374_A/mallard/Interior Alaska/8MP0547/2008_H8N4
CY097536_A/American black duck/Illinois/4119/2009_H8N4
CY098542_A/teal/Chany/7119/2008_H15N4
CY101993_A/ruddy turnstone/Delaware Bay/168/1994_mixed,N4
AB669141_A/duck/Tsukuba/20/2007_H8N4
JX307124_A/duck/Thailand/CU-10507T/2011_H7N4
JX307164_A/duck/Thailand/CU-9754C/2010_H7N4
JX307210_A/duck/Thailand/CU-9744C /2010_H7N4
JX679162_A/environment/Korea/PSC13-43/2008_H8N4
CY128862_A/mallard/Nova Scotia/02286/2007_H7N4
CY130326_A/northern shoveler/Interior Alaska/9BM1447R2/2009_H8N4
CY132783_A/northern shoveler/Illinois/10OS3632/2010_mixed,N4
CY135537_A/American green-winged teal/Interior Alaska/9BM5045R0/2009_H8N4
CY139997_A/mallard/Minnesota/Sg-00571/2008_mixed,N4
CY144383_A/ruddy turnstone/Delaware/AI03-378/2003_H12N4
M24740_A/shearwater/Australia/1/1972_H6N5
AY633190_A/mallard/Alberta/203/1992_H6N5
CY003873_A/mallard/Alberta/884/1984_H2N5
CY004013_A/blue-winged teal/ALB/48/1978_H6N5
CY004276_A/mallard/Alberta/154/2003_H6N5
CY004694_A/mallard/Alberta/118/1995_H3N5
CY005339_A/pintail duck/Alberta/306/1983_H12N5
CY005693_A/black duck/AUS/4045/1980_H6N5
CY004340_A/pintail duck/Alberta/49/2003_H12N5
CY004381_A/mallard/Alberta/52/1997_H12N5
CY005010_A/mallard duck/ALB/224/1977_H7N5
CY005352_A/green-winged teal/ALB/199/1991_H12N5
CY005366_A/ruddy turnstone/Delaware/97/2000_H12N5
DQ376723_A/duck/Taiwan/WB459/04_H6N5
CY014970_A/mallard duck/New York/6861/1978_H1N5
CY015486_A/mallard/Ohio/170/1999_H6N5
AB270747_A/duck/Hokkaido/66/2001_H12N5
CY021295_A/mallard/Maryland/1135/2005_H12N5
EU559271_A/chicken/Hubei/119/1983_H10N5
EU557565_A/northern pintail/Alaska/44191-193/2006_H12N5
CY032674_A/northern shoveler/California/HKWF1201/2007_H3N5
EU871915_A/mallard/MN/105/2000_H5N5
CY038356_A/northern shoveler/Interior Alaska/1/2007_H12N5
AB560964_A/duck/Hokkaido/111/2009_H1N5
CY075927_A/common murre/Oregon/19497-004/2005_H9N5
CY076063_A/mallard/Washington/44338-195/2007_H12N5
CY076111_A/common murre/Oregon/20361-002/2007_H12N5
CY077168_A/mallard/Alberta/224/2006_H12N5
CY078204_A/blue-winged teal/Texas/Sg-00212/2007_mixed,N5
AB593481_A/duck/Vietnam/G18/2009_H12N5
CY101093_A/ruddy turnstone/Delaware/24/1990_mixed,N5
CY102110_A/shorebird/Delaware Bay/274/1994_H7N5
CY102738_A/shorebird/Delaware Bay/246/2003_H9N5
JQ973688_A/goose/Guangdong/k0103/2010_H5N5
CY120669_A/northern shoveler/California/3483/2010_H12N5
JX081158_A/northern pintail/Alaska/44500-020/2009_H12N5
CY127606_A/mallard/Alberta/215/1999_mixed,N5
CY127777_A/ruddy turnstone/Delaware Bay/118/2007_mixed,N5
CY130096_A/mallard/Astrakhan/263/1982_H14N5
CY133111_A/bufflehead/Wisconsin/10OS3204/2010_H12N5
CY137436_A/shorebird/Delaware Bay/130/2002_mixed,N5
CY139683_A/mallard/Minnesota/355788/2000_H12N5
CY139790_A/mallard/Minnesota/182729/1998_H6N5
CY144533_A/ruddy turnstone/Delaware/AI03-118/2003_H12N5
CY144935_A/ruddy turnstone/New Jersey/Sg-00476/2008_H12N5
AF285887_A/swine/Ontario/01911-1/99 _H4N6
AY207526_A/quail/Californa/1/90_H4N6
AY207535_A/murre/Alaska/305/1976_H1N6
AY207536_A/pintail duck/Alberta/712/80_H3N6
AY207547_A/turkey/Minnesota/957/1980_H6N6
AY207548_A/budgerigar/Hokkaido/1/1977_H4N6
AY207549_A/duck/England/1/1956_H11N6
AY207550_A/duck/New Zealand/31/1976_H4N6
AY207552_A/gull/Astrakhan/227/1984_H13N6
AY207553_A/gull/Maryland/704/1977_H13N6
AY207554_A/mallard/Alberta/213/98_H4N6
AY207556_A/quail/Nanchang/4-034/2000_H4N6
AY633140_A/mallard/Alberta/119/00_H4N6
AY633158_A/mallard/Alberta/136/00_H4N6
AY633174_A/mallard/Alberta/199/1999_H3N6
AY633262_A/mallard/Alberta/295/98_H4N6
CY004460_A/mallard/Alberta/42/1977_H1N6
CY004589_A/blue-winged teal/ALB/286/1977_H3N6
CY004869_A/knot/DE/541/1988_H4N6
CY004913_A/mallard/ALB/49/1995_H4N6
CY005422_A/sanderling/Delaware/1258/1986_H6N6
CY005461_A/pigeon/Nanchang/8-142/2000_H3N6
CY005564_A/duck/HK/231/1977_H3N6
CY012810_A/mallard/Ohio/298/1987_H4N6
CY013265_A/pintail/Alaska/53/2005_H3N6
CY015148_A/shorebird/Delaware/224/1997_H13N6
AB295612_A/duck/Czechoslovakia/1956_H4N6
CY020791_A/mallard/Ohio/668/2002_H4N6
CY020983_A/mallard/Ohio/129/1989_H4N6
CY021159_A/environment/Delaware/245/2005_H3N6
CY021239_A/green-winged teal/Ohio/1324/2005_H4N6
CY021351_A/green-winged teal/Ohio/1292/2005_H4N6
CY021895_A/white-winged scoter/Maryland/301/2005_H4N6
CY025103_A/environment/Maryland/1101/2006_H4N6
EU429706_A/duck/Eastern China/160/2002_H4N6
EU429746_A/duck/Eastern China/166/2004_H4N6
EU429790_A/duck/Eastern China/01/2007_H4N6
EU301291_A/duck/Korea/LPM36/2005_H3N6
AM933235_A/mallard/Germany/Wv1806-09k/03_H4N6
AB450449_A/duck/Mongolia/720/2007_H7N6
FJ434371_A/coot/Aktau/1454/2006_H4N6
AB472029_A/duck/Ibaraki/402/2005_H4N6
AB470298_A/pelican/Zambia/01/2006_H3N6
CY045361_A/mallard/New Zealand/1615-17/2004_H4N6
GQ907304_A/black headed gull/Mongolia/1766/2006_H13N6
CY047578_A/mallard/Quebec/11102/2006_H4N6
CY063745_A/blue-winged teal/Minnesota/Sg-00028/2007_H4N6
AB538462_A/quail/Aichi/1/2009_H7N6
AB569976_A/duck/Vietnam/OIE-2334/2010_H9N6
HM804474_A/swine/Guangdong/K6/2010_H6N6
HM849019_A/mallard/PT/35910-2/2006_H4N6
CY073712_A/surface water/Minnesota/NW1-T/2006_H4N6
CY076055_A/mallard/Washington/44338-013/2007_H4N6
HQ599859_A/duck/Guangxi/038/2009_H6N6
CY077988_A/blue-winged teal/Texas/Sg-00089/2007_H4N6
JF323787_A/Steller's eider/Alaska/44354-376/2007_H3N6
JF965320_A/chicken/Eastern China/49/2010_H6N6
JF965321_A/duck/Eastern China/3/2009_H6N6
JF965330_A/duck/Eastern China/13/2010_H6N6
CY094231_A/mallard/California/9573/2008_H4N6
CY094751_A/mallard/California/1156/2010_H4N6
CY101092_A/ruddy turnstone/Delaware/24/1990_mixed,N6
CY102953_A/mallard/Alberta/66/2005_H4N6
CY110943_A/duck/Hubei/10/2010_H6N6
CY109716_A/duck/Yunnan/1330/2007_H6N6
CY109930_A/duck/Hunan/1668/2007_H6N6
CY109990_A/duck/Shantou/12958/2006_H6N6
CY110056_A/duck/Fujian/1904/2006_H6N6
CY110124_A/duck/Fujian/3002/2007_H6N6
JX304748_A/duck/Guangxi/GXd-4/2009_H6N6
CY125214_A/ring-billed gull/Quebec/02434-1/2009_H13N6
CY125239_A/green-winged teal/New Brunswick/02585/2007_N6
CY125648_A/mallard-black duck hybrid/Nova Scotia/02330/2007_H4N6
AB739023_A/duck/Vietnam/OIE-1218/2012_H3N6
KC110605_A/long-tailed duck/Wisconsin/10OS4225/2010_H14N6
CY126569_A/shorebird/Delaware Bay/331/2008_mixed,N6
CY128486_A/American black duck/New Brunswick/03530/2009_H4N6
CY130382_A/mallard/Interior Alaska/10BM02530R0/2010_H4N6
AB775608_A/duck/Vietnam/OIE-3469/2012_H4N6
CY132771_A/mallard/Wisconsin/10OS3868/2010_mixed,N6
CY133342_A/mallard/Wisconsin/10OS3866/2010_H3N6
AB807763_A/duck/Vietnam/LBM6/2011_H6N6
CY141968_A/northern pintail/Interior Alaska/10BM09015R0/2010_H7N6
CY143750_A/northern pintail/Interior Alaska/10CH00003R0/2010_H4N6
M38330_A/fowl/Weybridge_H7N7
AY340077_A/chicken/Netherlands/1/03_H7N7
CY003889_A/sanderling/New Jersey/766/1986_H2N7
CY005802_A/equine/Prague/1/1956_H7N7
CY004354_A/mallard/Alberta/209/2003_H10N7
CY014673_A/chicken/Germany/N/1949_H10N7
CY015021_A/chicken/Victoria/1985_H7N7
CY015041_A/goose/Leipzig/187-7/1979_H7N7
AB289334_A/duck/Mongolia/583/02_H4N7
AB297924_A/duck/Taiwan/33/1993_H7N7
AM933237_A/Anas crecca/Germany/Wv177/05_H7N7
EU747328_A/chicken/California/755/1999_H10N7
AB450445_A/duck/Hokkaido/W90/2007_H10N7
FJ183475_A/mallard/Bavaria/3/2006_H10N7
FJ803183_A/mallard/Sweden/S90735/2003_H7N7
CY039574_A/northern shoveler/California/HKWF96/2007_H10N7
AB472060_A/duck/Tsukuba/922/2008_H7N7
GU186495_A/quail/NJ/25254-22/1995_H10N7
CY078453_A/mallard/Interior Alaska/6MP0747/2006_mixed,N7
CY102190_A/shorebird/Delaware Bay/31/1996_H9N7
CY102415_A/ruddy turnstone/Delaware Bay/147/1999_mixed,N7
CY102635_A/shorebird/Delaware Bay/277/2000_H9N7
JX081153_A/king eider/Alaska/44068-067/2006_H4N7
KC876685_A/wild goose/Dongting/PC0360/2012_H7N7
KF259620_A/goose/Guangdong/7472/2012_H7N7
KF259624_A/wild duck/Jiangxi/19831/2009_H7N7
KF259629_A/duck/Jiangxi/16326/2010_H7N7
KF259642_A/chicken/Wenzhou/89/2013_H7N7
KF259671_A/duck/Wenzhou/47/2013_H7N7
KF435051_A/duck/Manitoba/1953_H10N7
L06578_A/equine/Alaska/1/1991_H3N8
L06577_A/equine/Algiers/1972_H3N8
L06572_A/duck/Burjatia/652/1988_H3N8
L06573_A/duck/Chabarovsk/1610/1972 _H3N8
L06585_A/herring gull/DE/677/1988_H2N8
L06586_A/mallard/Edmonton/220/1990_H3N8
L06587_A/quail/Italy/1117/1965_H10N8
L06580_A/equine/Miami/1/1963_H3N8
L06588_A/turkey/Minnesota/501/1978_H6N8
L06581_A/equine/New Market/1979_H3N8
L06584_A/guinea fowl/New York/4-3587/1984_H3N8
L06576_A/duck/Ukraine/1/1963_H3N8
AY531032_A/mallard/65112/03_H3N8
AY531038_A/turkey/Canada/1963_H6N8
AY633134_A/mallard/Alberta/117/1997_H3N8
AY633382_A/redhead/Alberta/291/1994_H6N8
CY004284_A/shorebird/DE/12/2004_H6N8
CY004704_A/mallard/Alberta/156/2001_H3N8
CY004935_A/pintail/Alberta/207/1999_H4N8
CY005402_A/duck/Australia/341/1983_H15N8
CY005654_A/black duck/AUS/751/1978_H3N8
CY014573_A/blue-winged teal/Alberta/120/1991_H3N8
CY014631_A/red-necked stint/Australia/4189/1980_H4N8
CY015091_A/turkey/Ireland/1378/1983_H5N8
CY015129_A/ruddy turnstone/Delaware/105/1998_H6N8
CY016174_A/green-winged teal/Ohio/59/1989_H6N8
CY016397_A/mallard/Ohio/264/1986_H3N8
CY017759_A/pintail/Alaska/779/2005_H3N8
CY017775_A/longtail duck/Maryland/291/2005_H3N8
AB294220_A/duck/Hokkaido/228/2003_H6N8
CY020903_A/longtail duck/Maryland/295/2005_H10N8
CY020935_A/northern shoveler/Ohio/35/1986_H3N8
CY021311_A/environment/Maryland/1165/2005_H3N8
CY021343_A/mallard/Ohio/1801/2005_H3N8
CY028253_A/duck/Victoria/5384/2002_H4N8
CY028261_A/red-necked stint/Australia/2/2004_H4N8
EU429698_A/duck/Eastern China/19/2004_H3N8
CY032722_A/northern pintail/California/HKWF792/2007_H3N8
CY032894_A/bufflehead/California/HKWF205/2007_H4N8
EU871894_A/mallard/MN/323/1999_H4N8
FM179764_A/black-headed gull/Norway/10_1459/2006_H13N8
AB450442_A/duck/Hokkaido/W2/2004_H6N8
CY035785_A/least sandpiper/South Central Alaska/2/2007_H4N8
CY035801_A/mallard/Interior Alaska/2/2007_H3N8
FJ517338_A/mallard/Ohio/338/1986_H4N8
FJ517322_A/guinea fowl/NJ/14190-23/1996_H4N8
CY039757_A/mallard/Interior Alaska/6/2007_H3N8
CY039765_A/northern shoveler/Interior Alaska/2/2007_H3N8
CY039780_A/northern pintail/Interior Alaska/1/2007_H3N8
CY043938_A/northern pintail/Alaska/7MP0344/2007_H3N8
CY045441_A/northern shoveler/Alaska/7MP1708/2007_H3N8
GQ923575_A/avian/Colorado/456648/2006_H5N8
GU051897_A/chicken/Alabama/1975_H4N8
CY053839_A/green-winged teal/Ohio/960/2002_H3N8
AB545602_A/duck/Vietnam/OIE-2403/2009_H3N8
HM144721_A/wild duck/Shantou/1737/2000_H6N8
CY073722_A/surface water/Minnesota/W07-2241/2007_H3N8
CY075935_A/mallard/California/19524-001/2005_H6N8
CY078108_A/mallard/Minnesota/Sg-00164/2007_H3N8
CY078164_A/mallard/Minnesota/Sg-00200/2007_H3N8
CY078437_A/green-winged teal/Interior Alaska/6MP0736/2006_H3N8
CY078677_A/mallard/Interior Alaska/6MP0160AR1/2006_H3N8
CY078901_A/northern pintail/Interior Alaska/7MP0345BR2/2007_H3N8
CY079910_A/northern shoveler/Interior Alaska/7MP1667/2007_H3N8
CY094687_A/mallard/California/5255/2009_H3N8
CY097279_A/mallard/Wisconsin/1534/2009_H6N8
CY101249_A/sanderling/Delaware Bay/70/1999_H3N8
CY101340_A/mallard/Alberta/112/2007_mixed,N8
CY101709_A/mallard/Alberta/61/1991_H3N8
CY101834_A/mallard/Alberta/72/1993_H3N8
CY101866_A/shorebird/Delaware Bay/28/1994_H3N8
CY102254_A/shorebird/Delaware Bay/11/1998_H3N8
CY102270_A/shorebird/Delaware Bay/207/1998_H3N8
CY102302_A/ruddy turnstone/Delaware Bay/250/1998_H3N8
CY102318_A/mallard/Alberta/167/1998_H3N8
CY102602_A/pintail/Alberta/37/1999_H3N8
CY103027_A/mallard/Alberta/190/2006_mixed,N8
CY103046_A/mallard/Alberta/214/2006_H3N8
CY103352_A/mallard/Alberta/284/2007_mixed,N8
EU182322_A/chicken/NY/13237-6/98_H6N8
JQ924787_A/duck/Guangdong/E1/2012_H10N8
CY120503_A/mallard/California/1475/2010_H3N8
JX081150_A/greater white-fronted goose/Alaska/44299-055/2007_H3N8
JX304764_A/duck/Guangxi/GXd-6/2010_H6N8
CY125256_A/green-winged teal/New Brunswick/02526/2007_mixed,N8
KC110612_A/white-winged scoter/Wisconsin/10OS3922/2010_H14N8
CY127002_A/ruddy turnstone/Delaware Bay/36/1993_H11N8
CY127817_A/shorebird/Delaware Bay/375/2008_H6N8
CY127841_A/shorebird/Delaware Bay/181/2009_H6N8
CY128642_A/American black duck/New Brunswick/02658/2007_mixed,N8
CY129032_A/American black duck/New Brunswick/03495/2009_H3N8
CY129392_A/mallard-black duck hybrid/New Brunswick/02642/2007_H3N8
CY132066_A/environment/Ohio/08OS1292/2008_mixed,N8
CY132584_A/environment/Ohio/08OS1300/2008_mixed,N8
CY132675_A/environment/Indiana/10OS1500/2010_H3N8
CY132943_A/American green-winged teal/Wisconsin/10OS2767/2010_H6N8
CY133555_A/long-tailed duck/Wisconsin/10OS3918/2010_H14N8
CY135228_A/American green-winged teal/Interior Alaska/10BM05441R0/2010_mixed,N8
CY136112_A/northern pintail/Interior Alaska/9BM11661R0/2009_mixed,N8
CY136858_A/red knot/Delaware Bay/240/1994_H1N8
CY137324_A/shorebird/Delaware Bay/46/2002_mixed,N8
CY138083_A/American black duck/New Brunswick/00955/2010_H4N8
CY140007_A/gadwall duck/Minnesota/Sg-00575/2008_H3N8
CY142116_A/mallard/Interior Alaska/9BM11033R0/2009_mixed,N8
CY142404_A/mallard/Interior Alaska/9BM11382R0/2009_H3N8
CY144238_A/ruddy turnstone/New Jersey/828227/2001_H5N8
CY144549_A/ruddy turnstone/Delaware/AI03-163/2003_H9N8
CY145761_A/mallard/New Jersey/Sg-00892/2008_H3N8
KF382705_A/duck/Pennsylvania/4844-6/2013_H1N8
M37511_A/ruddy turnstone/NJ/60/1985_N9
M17812_A/whale/Maine/1/1984_H13N9
AY633366_A/pintail/Alberta/22/1997_H2N9
AY633390_A/teal/Alberta/16/97_H2N9
CY003857_A/pintail/Alberta/293/1977_H2N9
CY004131_A/mallard duck/ALB/1151/1979_H6N9
CY004701_A/mallard/Alberta/31/2001_H3N9
CY004826_A/laughing gull/NJ/72/1985_H4N9
CY005265_A/redhead duck/Alberta/357/1983_H11N9
CY005293_A/ruddy turnstone/DE/637/1988_H11N9
CY005432_A/duck/Nanchang/2-0486/2000_H2N9
CY005548_A/duck/Hong Kong/278/1978_H2N9
CY005710_A/red-necked stint/Australia/5745/1981_H12N9
CY005853_A/shoveler/Netherlands/19/1999_H11N9
CY004445_A/shorebird/DE/68/2004_H13N9
CY005407_A/wedge-tailed shearwater/Western Australia/2576/1979_H15N9
CY014647_A/gull/Maryland/19/1977_H2N9
CY014689_A/duck/Memphis/546/1974_H11N9
AB289342_A/swan/Shimane/227/01_H3N9
AB298284_A/duck/Hokkaido/W245/2004_H11N9
CY020967_A/blue-winged teal/Ohio/101/1993_H11N9
CY021175_A/green-winged teal/Ohio/1844/2005_H11N9
CY021615_A/Black Duck/Ohio/239/1986_H11N9
CY021655_A/black duck/Ohio/161/1999_H11N9
CY021687_A/mallard/Missouri/MO32/2005_H11N9
CY024820_A/blue-winged teal/Ohio/566/2006_H7N9
CY029923_A/mallard/Missouri/209/2006_H11N9
CY032918_A/northern shoveler/California/HKWF611/2007_H11N9
EU743137_A/emu/NY/12716/1994_H5N9
EU871870_A/mallard/MN/158/2000_H3N9
AB472036_A/duck/Chiba/7/2006_H11N9
GQ257489_A/mallard/Maryland/538/2002_H11N9
GQ257427_A/guinea fowl/New York/26410-17/1995_H11N9
CY043890_A/shorebird/Delaware/221/2006_H13N9
AB516421_A/northern pintail/Aomori/1192/2008_H5N9
CY054301_A/American white pelican/Minnesota/AI-07-1819/2007_H13N9
AB545600_A/duck/Vietnam/OIE-2386/2009_H11N9
CY060192_A/common teal/Netherlands/9/2000_H11N9
HM179249_A/mallard/Switzerland/WV1071028/2007_H11N9
HM144727_A/wild duck/Shantou/311/2001_H6N9
CY076343_A/American green-winged teal/California/44287-066/2007_H11N9
CY076842_A/bufflehead/California/JN1016/2006_H2N9
CY077578_A/mallard/New Zealand/1440-365/2005_H11N9
CY077654_A/tern/Australia/752/1975_H11N9
CY080509_A/turkey/Wisconsin/1/1968_H5N9
AB569537_A/goose/Zambia/09/2009_H11N9
CY097068_A/common goldeneye/Iowa/3192/2009_H11N9
CY097311_A/greater scaup/Wisconsin/4234/2009_H11N9
JN244223_A/wild bird/Korea/A3/2011_H7N9
CY122222_A/mallard/Sweden/103/2005_H2N9
CY122246_A/mallard/Netherlands/11/1999_H2N9
CY125575_A/blue-winged teal/Prince Edward Island/03910/2009_H4N9
JX679164_A/wild duck/Korea/SH20-27/2008_H7N9
CY126954_A/mallard/Alberta/251/1991_H11N9
CY127138_A/shorebird/Delaware Bay/11/1995_H11N9
CY127399_A/mallard/Alberta/279/1996_H11N9
CY127640_A/mallard/Alberta/193/2000_H11N9
CY127801_A/shorebird/Delaware Bay/424/2007_H13N9
CY133031_A/northern shoveler/Illinois/10OS3619/2010_H11N9
CY133055_A/mallard/Wisconsin/10OS4194/2010_H11N9
AB781663_A/duck/Vietnam/G17-1/2011_H11N9
CY137916_A/shorebird/Delaware Bay/351/2009_H1N9
AB807771_A/duck/Vietnam/LBM81/2012_H11N9
KC853231_A/Shanghai/4664T/2013_H7N9
CY144129_A/ruddy turnstone/Delaware/AI00-1538/2000_mixed,N9
CY145713_A/ruddy turnstone/New Jersey/Sg-00564/2008_H11N9
CY146159_A/ruddy turnstone/New Jersey/AI09-837/2009_H1N9
KF006416_A/chicken/Jiangsu/RD5/2013_H10N9
KF259703_A/wild waterfowl/Hong Kong/MPP1311/2013_H2N9
KF259718_A/duck/Yunnan/1282/2007_H11N9
